#
# A fatal error has been detected by the Java Runtime Environment:
#
#  Internal Error (./open/src/hotspot/share/opto/output.cpp:1489), pid=5892, tid=2108
#  guarantee((int)(blk_starts[i+1] - blk_starts[i]) >= (current_offset - blk_offset)) failed: shouldn't increase block size
#
# JRE version: Java(TM) SE Runtime Environment 18.9 (11.0.9+7) (build 11.0.9+7-LTS)
# Java VM: Java HotSpot(TM) 64-Bit Server VM 18.9 (11.0.9+7-LTS, mixed mode, tiered, compressed oops, parallel gc, windows-amd64)
# No core dump will be written. Minidumps are not enabled by default on client versions of Windows
#
# If you would like to submit a bug report, please visit:
#   https://bugreport.java.com/bugreport/crash.jsp
#

---------------  S U M M A R Y ------------

Command Line: --add-modules=ALL-SYSTEM --add-opens=java.base/java.util=ALL-UNNAMED --add-opens=java.base/java.lang=ALL-UNNAMED -Declipse.application=org.eclipse.jdt.ls.core.id1 -Dosgi.bundles.defaultStartLevel=4 -Declipse.product=org.eclipse.jdt.ls.core.product -Dfile.encoding=utf8 -DwatchParentProcess=false -XX:+UseParallelGC -XX:GCTimeRatio=4 -XX:AdaptiveSizePolicyWeight=90 -Dsun.zip.disableMemoryMapping=true -Xmx1G -Xms100m -Xverify:none c:\Users\user\.vscode\extensions\redhat.java-0.73.0\server\plugins\org.eclipse.equinox.launcher_1.6.0.v20200915-1508.jar -configuration c:\Users\user\AppData\Roaming\Code\User\globalStorage\redhat.java\0.73.0\config_win -data c:\Users\user\AppData\Roaming\Code\User\workspaceStorage\bbc9d56f1f376b425cbe1bd9cb648654\redhat.java\jdt_ws

Host: Intel(R) Celeron(R) CPU  N2806  @ 1.60GHz, 2 cores, 3G,  Windows 10 , 64 bit Build 18362 (10.0.18362.1110)
Time: Sun Dec 20 17:59:26 2020 Hora estándar de Argentina elapsed time: 569.070601 seconds (0d 0h 9m 29s)

---------------  T H R E A D  ---------------

Current thread (0x000002227ddca800):  JavaThread "C2 CompilerThread0" daemon [_thread_in_native, id=2108, stack(0x000000e7e1b00000,0x000000e7e1c00000)]


Current CompileTask:
C2: 569070 17900   !   4       org.eclipse.jdt.internal.compiler.parser.Scanner::getNextToken0 (3042 bytes)

Stack: [0x000000e7e1b00000,0x000000e7e1c00000]
Native frames: (J=compiled Java code, j=interpreted, Vv=VM code, C=native code)
V  [jvm.dll+0x611a3a]
V  [jvm.dll+0x748aaf]
V  [jvm.dll+0x74a135]
V  [jvm.dll+0x74a767]
V  [jvm.dll+0x24397c]
V  [jvm.dll+0x618bfc]
V  [jvm.dll+0x616f94]
V  [jvm.dll+0x1fd7f2]
V  [jvm.dll+0x1fc64f]
V  [jvm.dll+0x17f08c]
V  [jvm.dll+0x20bc54]
V  [jvm.dll+0x209d2b]
V  [jvm.dll+0x7103d9]
V  [jvm.dll+0x709114]
V  [jvm.dll+0x610cb6]
C  [ucrtbase.dll+0x210b2]
C  [KERNEL32.DLL+0x17c24]
C  [ntdll.dll+0x6d4d1]


---------------  P R O C E S S  ---------------

Threads class SMR info:
_java_thread_list=0x000002220c4752b0, length=31, elements={
0x0000022263f87000, 0x000002227dd5d000, 0x000002227dd5e000, 0x000002227ddc6800,
0x000002227ddc9800, 0x000002227ddca800, 0x000002227dd77000, 0x000002227ddf2000,
0x000002227e974000, 0x000002227eb1a000, 0x000002227f21e000, 0x0000022200254800,
0x000002227f426000, 0x0000022200253800, 0x0000022200243800, 0x000002227f133000,
0x000002227f2ad000, 0x000002227f3d5800, 0x000002227f3dc000, 0x000002227f3da000,
0x000002227f3d6000, 0x0000022200f08800, 0x0000022200f09800, 0x0000022200f07000,
0x0000022200f0c000, 0x0000022200f07800, 0x0000022200f0a000, 0x0000022200f10800,
0x0000022202299000, 0x000002220229c800, 0x000002220229f800
}

Java Threads: ( => current thread )
  0x0000022263f87000 JavaThread "main" [_thread_blocked, id=5860, stack(0x000000e7e1400000,0x000000e7e1500000)]
  0x000002227dd5d000 JavaThread "Reference Handler" daemon [_thread_blocked, id=3460, stack(0x000000e7e1700000,0x000000e7e1800000)]
  0x000002227dd5e000 JavaThread "Finalizer" daemon [_thread_blocked, id=2360, stack(0x000000e7e1800000,0x000000e7e1900000)]
  0x000002227ddc6800 JavaThread "Signal Dispatcher" daemon [_thread_blocked, id=4508, stack(0x000000e7e1900000,0x000000e7e1a00000)]
  0x000002227ddc9800 JavaThread "Attach Listener" daemon [_thread_blocked, id=4504, stack(0x000000e7e1a00000,0x000000e7e1b00000)]
=>0x000002227ddca800 JavaThread "C2 CompilerThread0" daemon [_thread_in_native, id=2108, stack(0x000000e7e1b00000,0x000000e7e1c00000)]
  0x000002227dd77000 JavaThread "C1 CompilerThread0" daemon [_thread_blocked, id=3316, stack(0x000000e7e1c00000,0x000000e7e1d00000)]
  0x000002227ddf2000 JavaThread "Sweeper thread" daemon [_thread_blocked, id=472, stack(0x000000e7e1d00000,0x000000e7e1e00000)]
  0x000002227e974000 JavaThread "Common-Cleaner" daemon [_thread_blocked, id=5116, stack(0x000000e7e1e00000,0x000000e7e1f00000)]
  0x000002227eb1a000 JavaThread "Service Thread" daemon [_thread_blocked, id=6700, stack(0x000000e7e1f00000,0x000000e7e2000000)]
  0x000002227f21e000 JavaThread "Active Thread: Equinox Container: 46e52825-1233-4fad-a4b0-e2169041c1d8" [_thread_blocked, id=5104, stack(0x000000e7e2100000,0x000000e7e2200000)]
  0x0000022200254800 JavaThread "Framework Event Dispatcher: Equinox Container: 46e52825-1233-4fad-a4b0-e2169041c1d8" daemon [_thread_blocked, id=4376, stack(0x000000e7e2200000,0x000000e7e2300000)]
  0x000002227f426000 JavaThread "Start Level: Equinox Container: 46e52825-1233-4fad-a4b0-e2169041c1d8" daemon [_thread_blocked, id=5204, stack(0x000000e7e2300000,0x000000e7e2400000)]
  0x0000022200253800 JavaThread "SCR Component Actor" daemon [_thread_blocked, id=1052, stack(0x000000e7e2500000,0x000000e7e2600000)]
  0x0000022200243800 JavaThread "Bundle File Closer" daemon [_thread_blocked, id=1056, stack(0x000000e7e2600000,0x000000e7e2700000)]
  0x000002227f133000 JavaThread "Worker-JM" [_thread_blocked, id=4332, stack(0x000000e7e2800000,0x000000e7e2900000)]
  0x000002227f2ad000 JavaThread "Worker-0: Publish Diagnostics" [_thread_in_vm, id=5276, stack(0x000000e7e2b00000,0x000000e7e2c00000)]
  0x000002227f3d5800 JavaThread "Worker-2" [_thread_blocked, id=1252, stack(0x000000e7e2d00000,0x000000e7e2e00000)]
  0x000002227f3dc000 JavaThread "Java indexing" daemon [_thread_blocked, id=1868, stack(0x000000e7e2700000,0x000000e7e2800000)]
  0x000002227f3da000 JavaThread "logback configurator timer" daemon [_thread_blocked, id=7020, stack(0x000000e7e1200000,0x000000e7e1300000)]
  0x000002227f3d6000 JavaThread "pool-2-thread-1" [_thread_blocked, id=2984, stack(0x000000e7e1300000,0x000000e7e1400000)]
  0x0000022200f08800 JavaThread "Thread-32" [_thread_in_native, id=6908, stack(0x000000e7e3900000,0x000000e7e3a00000)]
  0x0000022200f09800 JavaThread "Thread-33" [_thread_blocked, id=1976, stack(0x000000e7e2900000,0x000000e7e2a00000)]
  0x0000022200f07000 JavaThread "Thread-41" [_thread_blocked, id=2796, stack(0x000000e7e3600000,0x000000e7e3700000)]
  0x0000022200f0c000 JavaThread "Thread-113" [_thread_blocked, id=1488, stack(0x000000e7e2e00000,0x000000e7e2f00000)]
  0x0000022200f07800 JavaThread "Thread-148" [_thread_blocked, id=5560, stack(0x000000e7e3000000,0x000000e7e3100000)]
  0x0000022200f0a000 JavaThread "Worker-7" [_thread_blocked, id=3916, stack(0x000000e7e3300000,0x000000e7e3400000)]
  0x0000022200f10800 JavaThread "pool-3-thread-1" [_thread_blocked, id=2548, stack(0x000000e7e2c00000,0x000000e7e2d00000)]
  0x0000022202299000 JavaThread "Worker-8" [_thread_blocked, id=7092, stack(0x000000e7e2a00000,0x000000e7e2b00000)]
  0x000002220229c800 JavaThread "Worker-9" [_thread_blocked, id=5876, stack(0x000000e7e3100000,0x000000e7e3200000)]
  0x000002220229f800 JavaThread "Thread-290" [_thread_blocked, id=5432, stack(0x000000e7e3400000,0x000000e7e3500000)]

Other Threads:
  0x000002226404e800 VMThread "VM Thread" [stack: 0x000000e7e1600000,0x000000e7e1700000] [id=3808]
  0x000002227eb28800 WatcherThread [stack: 0x000000e7e2000000,0x000000e7e2100000] [id=4948]
  0x0000022263f9e800 GCTaskThread "ParGC Thread#0" [stack: 0x000000e7e1500000,0x000000e7e1600000] [id=6728]
  0x0000022200252000 GCTaskThread "ParGC Thread#1" [stack: 0x000000e7e2400000,0x000000e7e2500000] [id=4844]

Threads with active compile tasks:
C2 CompilerThread0 569253 17900   !   4       org.eclipse.jdt.internal.compiler.parser.Scanner::getNextToken0 (3042 bytes)

VM state:not at safepoint (normal execution)

VM Mutex/Monitor currently owned by a thread: None

Heap address: 0x00000000c0000000, size: 1024 MB, Compressed Oops mode: 32-bit
Narrow klass base: 0x0000000000000000, Narrow klass shift: 3
Compressed class space size: 1073741824 Address: 0x0000000100000000

Heap:
 PSYoungGen      total 73216K, used 59588K [0x00000000eab00000, 0x00000000f1200000, 0x0000000100000000)
  eden space 60928K, 77% used [0x00000000eab00000,0x00000000ed931b88,0x00000000ee680000)
  from space 12288K, 99% used [0x00000000ef900000,0x00000000f04ff738,0x00000000f0500000)
  to   space 18944K, 0% used [0x00000000ee680000,0x00000000ee680000,0x00000000ef900000)
 ParOldGen       total 486912K, used 308580K [0x00000000c0000000, 0x00000000ddb80000, 0x00000000eab00000)
  object space 486912K, 63% used [0x00000000c0000000,0x00000000d2d590d0,0x00000000ddb80000)
 Metaspace       used 74408K, capacity 77654K, committed 77912K, reserved 1120256K
  class space    used 6830K, capacity 8048K, committed 8064K, reserved 1048576K

Card table byte_map: [0x0000022263940000,0x0000022263b50000] _byte_map_base: 0x0000022263340000

Marking Bits: (ParMarkBitMap*) 0x00007ffebdccf440
 Begin Bits: [0x000002227b400000, 0x000002227c400000)
 End Bits:   [0x000002227c400000, 0x000002227d400000)

Polling page: 0x0000022261d70000

Metaspace:

Usage:
  Non-class:     67.97 MB capacity,    65.99 MB ( 97%) used,     1.81 MB (  3%) free+waste,   172.69 KB ( <1%) overhead. 
      Class:      7.86 MB capacity,     6.67 MB ( 85%) used,     1.12 MB ( 14%) free+waste,    73.25 KB ( <1%) overhead. 
       Both:     75.83 MB capacity,    72.66 MB ( 96%) used,     2.93 MB (  4%) free+waste,   245.94 KB ( <1%) overhead. 

Virtual space:
  Non-class space:       70.00 MB reserved,      68.21 MB ( 97%) committed 
      Class space:        1.00 GB reserved,       7.88 MB ( <1%) committed 
             Both:        1.07 GB reserved,      76.09 MB (  7%) committed 

Chunk freelists:
   Non-Class:  6.25 KB
       Class:  2.00 KB
        Both:  8.25 KB

CodeHeap 'non-profiled nmethods': size=120064Kb used=11399Kb max_used=11399Kb free=108664Kb
 bounds [0x0000022273ec0000, 0x0000022274a10000, 0x000002227b400000]
CodeHeap 'profiled nmethods': size=120000Kb used=30701Kb max_used=30701Kb free=89298Kb
 bounds [0x000002226c990000, 0x000002226e7d0000, 0x0000022273ec0000]
CodeHeap 'non-nmethods': size=5696Kb used=1314Kb max_used=1339Kb free=4381Kb
 bounds [0x000002226c400000, 0x000002226c670000, 0x000002226c990000]
 total_blobs=13442 nmethods=12764 adapters=583
 compilation: enabled
              stopped_count=0, restarted_count=0
 full_count=0

Compilation events (10 events):
Event: 567.305 Thread 0x000002227dd77000 17956   !   2       org.eclipse.jface.text.AbstractDocument::doFireDocumentChanged2 (175 bytes)
Event: 567.307 Thread 0x000002227dd77000 nmethod 17956 0x000002226e7be590 code [0x000002226e7be7e0, 0x000002226e7bef30]
Event: 567.308 Thread 0x000002227dd77000 17957       2       org.eclipse.jface.text.AbstractDocument::updatePositions (40 bytes)
Event: 567.308 Thread 0x000002227dd77000 nmethod 17957 0x000002226e7bf390 code [0x000002226e7bf580, 0x000002226e7bf880]
Event: 567.790 Thread 0x000002227ddca800 nmethod 17836 0x00000222749fd610 code [0x00000222749fe4c0, 0x0000022274a05180]
Event: 567.791 Thread 0x000002227ddca800 17900   !   4       org.eclipse.jdt.internal.compiler.parser.Scanner::getNextToken0 (3042 bytes)
Event: 568.081 Thread 0x000002227dd77000 17958       2       jdk.internal.math.FloatingDecimal$BinaryToASCIIBuffer::dtoa (1509 bytes)
Event: 568.090 Thread 0x000002227dd77000 nmethod 17958 0x000002226e7bfa10 code [0x000002226e7bfd40, 0x000002226e7c11a0]
Event: 568.324 Thread 0x000002227dd77000 17959       2       org.eclipse.jdt.internal.core.search.matching.ClasspathSourceDirectory::<init> (43 bytes)
Event: 568.325 Thread 0x000002227dd77000 nmethod 17959 0x000002226e7c2190 code [0x000002226e7c2340, 0x000002226e7c2680]

GC Heap History (10 events):
Event: 559.951 GC heap before
{Heap before GC invocations=642 (full 25):
 PSYoungGen      total 66560K, used 66479K [0x00000000eab00000, 0x00000000f0000000, 0x0000000100000000)
  eden space 58368K, 100% used [0x00000000eab00000,0x00000000ee400000,0x00000000ee400000)
  from space 8192K, 99% used [0x00000000ee400000,0x00000000eebebde8,0x00000000eec00000)
  to   space 11264K, 0% used [0x00000000ef500000,0x00000000ef500000,0x00000000f0000000)
 ParOldGen       total 486912K, used 275630K [0x00000000c0000000, 0x00000000ddb80000, 0x00000000eab00000)
  object space 486912K, 56% used [0x00000000c0000000,0x00000000d0d2ba58,0x00000000ddb80000)
 Metaspace       used 74178K, capacity 77361K, committed 77656K, reserved 1118208K
  class space    used 6813K, capacity 8015K, committed 8064K, reserved 1048576K
}
Event: 560.047 GC heap after
{Heap after GC invocations=642 (full 25):
 PSYoungGen      total 72192K, used 7377K [0x00000000eab00000, 0x00000000efc80000, 0x0000000100000000)
  eden space 64512K, 0% used [0x00000000eab00000,0x00000000eab00000,0x00000000eea00000)
  from space 7680K, 96% used [0x00000000ef500000,0x00000000efc34548,0x00000000efc80000)
  to   space 8192K, 0% used [0x00000000eec80000,0x00000000eec80000,0x00000000ef480000)
 ParOldGen       total 486912K, used 282718K [0x00000000c0000000, 0x00000000ddb80000, 0x00000000eab00000)
  object space 486912K, 58% used [0x00000000c0000000,0x00000000d1417a58,0x00000000ddb80000)
 Metaspace       used 74178K, capacity 77361K, committed 77656K, reserved 1118208K
  class space    used 6813K, capacity 8015K, committed 8064K, reserved 1048576K
}
Event: 561.365 GC heap before
{Heap before GC invocations=643 (full 25):
 PSYoungGen      total 72192K, used 71889K [0x00000000eab00000, 0x00000000efc80000, 0x0000000100000000)
  eden space 64512K, 99% used [0x00000000eab00000,0x00000000ee9ffff8,0x00000000eea00000)
  from space 7680K, 96% used [0x00000000ef500000,0x00000000efc34548,0x00000000efc80000)
  to   space 8192K, 0% used [0x00000000eec80000,0x00000000eec80000,0x00000000ef480000)
 ParOldGen       total 486912K, used 283615K [0x00000000c0000000, 0x00000000ddb80000, 0x00000000eab00000)
  object space 486912K, 58% used [0x00000000c0000000,0x00000000d14f7c90,0x00000000ddb80000)
 Metaspace       used 74180K, capacity 77361K, committed 77656K, reserved 1118208K
  class space    used 6813K, capacity 8015K, committed 8064K, reserved 1048576K
}
Event: 561.465 GC heap after
{Heap after GC invocations=643 (full 25):
 PSYoungGen      total 71168K, used 6159K [0x00000000eab00000, 0x00000000ef800000, 0x0000000100000000)
  eden space 64512K, 0% used [0x00000000eab00000,0x00000000eab00000,0x00000000eea00000)
  from space 6656K, 92% used [0x00000000eec80000,0x00000000ef283e28,0x00000000ef300000)
  to   space 5120K, 0% used [0x00000000ef300000,0x00000000ef300000,0x00000000ef800000)
 ParOldGen       total 486912K, used 289591K [0x00000000c0000000, 0x00000000ddb80000, 0x00000000eab00000)
  object space 486912K, 59% used [0x00000000c0000000,0x00000000d1acdcf0,0x00000000ddb80000)
 Metaspace       used 74180K, capacity 77361K, committed 77656K, reserved 1118208K
  class space    used 6813K, capacity 8015K, committed 8064K, reserved 1048576K
}
Event: 562.988 GC heap before
{Heap before GC invocations=644 (full 25):
 PSYoungGen      total 71168K, used 70671K [0x00000000eab00000, 0x00000000ef800000, 0x0000000100000000)
  eden space 64512K, 100% used [0x00000000eab00000,0x00000000eea00000,0x00000000eea00000)
  from space 6656K, 92% used [0x00000000eec80000,0x00000000ef283e28,0x00000000ef300000)
  to   space 5120K, 0% used [0x00000000ef300000,0x00000000ef300000,0x00000000ef800000)
 ParOldGen       total 486912K, used 291222K [0x00000000c0000000, 0x00000000ddb80000, 0x00000000eab00000)
  object space 486912K, 59% used [0x00000000c0000000,0x00000000d1c659e0,0x00000000ddb80000)
 Metaspace       used 74206K, capacity 77363K, committed 77656K, reserved 1118208K
  class space    used 6816K, capacity 8015K, committed 8064K, reserved 1048576K
}
Event: 563.120 GC heap after
{Heap after GC invocations=644 (full 25):
 PSYoungGen      total 67072K, used 5104K [0x00000000eab00000, 0x00000000f0700000, 0x0000000100000000)
  eden space 61952K, 0% used [0x00000000eab00000,0x00000000eab00000,0x00000000ee780000)
  from space 5120K, 99% used [0x00000000ef300000,0x00000000ef7fc020,0x00000000ef800000)
  to   space 11776K, 0% used [0x00000000ee780000,0x00000000ee780000,0x00000000ef300000)
 ParOldGen       total 486912K, used 296986K [0x00000000c0000000, 0x00000000ddb80000, 0x00000000eab00000)
  object space 486912K, 60% used [0x00000000c0000000,0x00000000d2206930,0x00000000ddb80000)
 Metaspace       used 74206K, capacity 77363K, committed 77656K, reserved 1118208K
  class space    used 6816K, capacity 8015K, committed 8064K, reserved 1048576K
}
Event: 565.255 GC heap before
{Heap before GC invocations=645 (full 25):
 PSYoungGen      total 67072K, used 67056K [0x00000000eab00000, 0x00000000f0700000, 0x0000000100000000)
  eden space 61952K, 100% used [0x00000000eab00000,0x00000000ee780000,0x00000000ee780000)
  from space 5120K, 99% used [0x00000000ef300000,0x00000000ef7fc020,0x00000000ef800000)
  to   space 11776K, 0% used [0x00000000ee780000,0x00000000ee780000,0x00000000ef300000)
 ParOldGen       total 486912K, used 296986K [0x00000000c0000000, 0x00000000ddb80000, 0x00000000eab00000)
  object space 486912K, 60% used [0x00000000c0000000,0x00000000d2206930,0x00000000ddb80000)
 Metaspace       used 74326K, capacity 77590K, committed 77656K, reserved 1118208K
  class space    used 6830K, capacity 8048K, committed 8064K, reserved 1048576K
}
Event: 565.459 GC heap after
{Heap after GC invocations=645 (full 25):
 PSYoungGen      total 73728K, used 11523K [0x00000000eab00000, 0x00000000f0500000, 0x0000000100000000)
  eden space 61952K, 0% used [0x00000000eab00000,0x00000000eab00000,0x00000000ee780000)
  from space 11776K, 97% used [0x00000000ee780000,0x00000000ef2c0e08,0x00000000ef300000)
  to   space 12288K, 0% used [0x00000000ef900000,0x00000000ef900000,0x00000000f0500000)
 ParOldGen       total 486912K, used 302115K [0x00000000c0000000, 0x00000000ddb80000, 0x00000000eab00000)
  object space 486912K, 62% used [0x00000000c0000000,0x00000000d2708c60,0x00000000ddb80000)
 Metaspace       used 74326K, capacity 77590K, committed 77656K, reserved 1118208K
  class space    used 6830K, capacity 8048K, committed 8064K, reserved 1048576K
}
Event: 567.596 GC heap before
{Heap before GC invocations=646 (full 25):
 PSYoungGen      total 73728K, used 73475K [0x00000000eab00000, 0x00000000f0500000, 0x0000000100000000)
  eden space 61952K, 100% used [0x00000000eab00000,0x00000000ee780000,0x00000000ee780000)
  from space 11776K, 97% used [0x00000000ee780000,0x00000000ef2c0e08,0x00000000ef300000)
  to   space 12288K, 0% used [0x00000000ef900000,0x00000000ef900000,0x00000000f0500000)
 ParOldGen       total 486912K, used 303147K [0x00000000c0000000, 0x00000000ddb80000, 0x00000000eab00000)
  object space 486912K, 62% used [0x00000000c0000000,0x00000000d280af50,0x00000000ddb80000)
 Metaspace       used 74369K, capacity 77590K, committed 77656K, reserved 1118208K
  class space    used 6830K, capacity 8048K, committed 8064K, reserved 1048576K
}
Event: 567.738 GC heap after
{Heap after GC invocations=646 (full 25):
 PSYoungGen      total 73216K, used 12285K [0x00000000eab00000, 0x00000000f1200000, 0x0000000100000000)
  eden space 60928K, 0% used [0x00000000eab00000,0x00000000eab00000,0x00000000ee680000)
  from space 12288K, 99% used [0x00000000ef900000,0x00000000f04ff738,0x00000000f0500000)
  to   space 18944K, 0% used [0x00000000ee680000,0x00000000ee680000,0x00000000ef900000)
 ParOldGen       total 486912K, used 308580K [0x00000000c0000000, 0x00000000ddb80000, 0x00000000eab00000)
  object space 486912K, 63% used [0x00000000c0000000,0x00000000d2d590d0,0x00000000ddb80000)
 Metaspace       used 74369K, capacity 77590K, committed 77656K, reserved 1118208K
  class space    used 6830K, capacity 8048K, committed 8064K, reserved 1048576K
}

Deoptimization events (10 events):
Event: 565.485 Thread 0x0000022200f07800 Uncommon trap: reason=unstable_if action=reinterpret pc=0x00000222745207a0 method=org.eclipse.jdt.internal.compiler.parser.Scanner.disambiguatedToken(I)I @ 15 c2
Event: 565.486 Thread 0x0000022200f07800 Uncommon trap: reason=unstable_if action=reinterpret pc=0x000002227451299c method=org.eclipse.jdt.internal.compiler.parser.Scanner$Goal.hasBeenReached(II)Z @ 59 c2
Event: 565.548 Thread 0x0000022200f0c000 Uncommon trap: reason=class_check action=maybe_recompile pc=0x000002227430f2c8 method=org.eclipse.jdt.internal.compiler.parser.Parser.consumeMethodHeaderRightParen()V @ 360 c2
Event: 565.560 Thread 0x0000022200f0c000 Uncommon trap: reason=class_check action=maybe_recompile pc=0x000002227430f2c8 method=org.eclipse.jdt.internal.compiler.parser.Parser.consumeMethodHeaderRightParen()V @ 360 c2
Event: 565.610 Thread 0x000002220229d000 Uncommon trap: reason=class_check action=maybe_recompile pc=0x00000222747de194 method=org.eclipse.jdt.internal.compiler.parser.Parser.consumeMethodHeaderExtendedDims()V @ 9 c2
Event: 565.610 Thread 0x000002220229d000 Uncommon trap: reason=class_check action=maybe_recompile pc=0x0000022274578a74 method=org.eclipse.jdt.internal.compiler.parser.Parser.consumeMethodDeclaration(ZZ)V @ 134 c2
Event: 565.615 Thread 0x000002220229d000 Uncommon trap: reason=bimorphic_or_optimized_type_check action=maybe_recompile pc=0x0000022274777a18 method=org.eclipse.jdt.internal.compiler.lookup.MethodScope.createMethod(Lorg/eclipse/jdt/internal/compiler/ast/AbstractMethodDeclaration;)Lorg/eclipse/jd
Event: 565.895 Thread 0x0000022200f07800 Uncommon trap: reason=unstable_if action=reinterpret pc=0x00000222745a518c method=org.eclipse.jdt.internal.compiler.parser.Parser.consumeMarkerAnnotation(Z)V @ 48 c2
Event: 565.896 Thread 0x0000022200f07800 Uncommon trap: reason=unstable_if action=reinterpret pc=0x000002227451202c method=org.eclipse.jdt.internal.compiler.parser.Parser.consumeNonTypeUseName()V @ 31 c2
Event: 565.988 Thread 0x0000022200f07800 Uncommon trap: reason=unstable_if action=reinterpret pc=0x0000022274858a7c method=org.eclipse.jdt.internal.compiler.parser.Parser.checkComment()V @ 239 c2

Classes redefined (0 events):
No events

Internal exceptions (10 events):
Event: 568.417 Thread 0x0000022200f07800 Exception <a 'java/lang/ArrayIndexOutOfBoundsException'{0x00000000ecc3bc78}> (0x00000000ecc3bc78) thrown at [./open/src/hotspot/share/runtime/sharedRuntime.cpp, line 584]
Event: 568.420 Thread 0x0000022200f07800 Exception <a 'java/lang/ArrayIndexOutOfBoundsException'{0x00000000ecc5a360}> (0x00000000ecc5a360) thrown at [./open/src/hotspot/share/runtime/sharedRuntime.cpp, line 584]
Event: 568.425 Thread 0x0000022200f07800 Exception <a 'java/lang/ArrayIndexOutOfBoundsException'{0x00000000ecc8b810}> (0x00000000ecc8b810) thrown at [./open/src/hotspot/share/runtime/sharedRuntime.cpp, line 584]
Event: 568.432 Thread 0x0000022200f07800 Exception <a 'java/lang/ArrayIndexOutOfBoundsException'{0x00000000eccb6768}> (0x00000000eccb6768) thrown at [./open/src/hotspot/share/runtime/sharedRuntime.cpp, line 584]
Event: 568.436 Thread 0x0000022200f07800 Exception <a 'java/lang/ArrayIndexOutOfBoundsException'{0x00000000eccde908}> (0x00000000eccde908) thrown at [./open/src/hotspot/share/runtime/sharedRuntime.cpp, line 584]
Event: 568.444 Thread 0x0000022200f07800 Exception <a 'java/lang/ArrayIndexOutOfBoundsException'{0x00000000eccf0468}> (0x00000000eccf0468) thrown at [./open/src/hotspot/share/runtime/sharedRuntime.cpp, line 584]
Event: 568.445 Thread 0x0000022200f07800 Exception <a 'java/lang/ArrayIndexOutOfBoundsException'{0x00000000eccf4348}> (0x00000000eccf4348) thrown at [./open/src/hotspot/share/runtime/sharedRuntime.cpp, line 584]
Event: 568.445 Thread 0x0000022200f07800 Exception <a 'java/lang/ArrayIndexOutOfBoundsException'{0x00000000eccf8338}> (0x00000000eccf8338) thrown at [./open/src/hotspot/share/runtime/sharedRuntime.cpp, line 584]
Event: 568.445 Thread 0x0000022200f07800 Exception <a 'java/lang/ArrayIndexOutOfBoundsException'{0x00000000eccfc4c0}> (0x00000000eccfc4c0) thrown at [./open/src/hotspot/share/runtime/sharedRuntime.cpp, line 584]
Event: 569.014 Thread 0x0000022200f07800 Exception <a 'java/lang/ArrayIndexOutOfBoundsException'{0x00000000eccffea0}> (0x00000000eccffea0) thrown at [./open/src/hotspot/share/runtime/sharedRuntime.cpp, line 584]

Events (10 events):
Event: 568.428 Thread 0x0000022200f07800 DEOPT PACKING pc=0x000002226e734c59 sp=0x000000e7e30fe2c0
Event: 568.428 Thread 0x0000022200f07800 DEOPT UNPACKING pc=0x000002226c427a40 sp=0x000000e7e30fd7c8 mode 0
Event: 568.434 Thread 0x0000022200f07800 DEOPT PACKING pc=0x000002226e789b63 sp=0x000000e7e30fe220
Event: 568.434 Thread 0x0000022200f07800 DEOPT UNPACKING pc=0x000002226c427a40 sp=0x000000e7e30fd770 mode 0
Event: 568.444 Thread 0x0000022200f07800 DEOPT PACKING pc=0x000002226e734cfb sp=0x000000e7e30fe2c0
Event: 568.444 Thread 0x0000022200f07800 DEOPT UNPACKING pc=0x000002226c427a40 sp=0x000000e7e30fd7d8 mode 0
Event: 568.446 Executing VM operation: RevokeBias
Event: 569.014 Executing VM operation: RevokeBias done
Event: 569.021 Thread 0x000002220229a800 Thread added: 0x000002220229a800
Event: 569.029 Thread 0x000002220229d000 Thread exited: 0x000002220229d000


Dynamic libraries:
0x00007ff6537c0000 - 0x00007ff6537cf000 	C:\Program Files\Java\jdk-11.0.9\bin\java.exe
0x00007ffeed240000 - 0x00007ffeed430000 	C:\Windows\SYSTEM32\ntdll.dll
0x00007ffeebde0000 - 0x00007ffeebe92000 	C:\Windows\System32\KERNEL32.DLL
0x00007ffeea1b0000 - 0x00007ffeea455000 	C:\Windows\System32\KERNELBASE.dll
0x00007ffeea4f0000 - 0x00007ffeea5ea000 	C:\Windows\System32\ucrtbase.dll
0x00007ffec2600000 - 0x00007ffec2618000 	C:\Program Files\Java\jdk-11.0.9\bin\jli.dll
0x00007ffeec1d0000 - 0x00007ffeec273000 	C:\Windows\System32\ADVAPI32.dll
0x00007ffeec3e0000 - 0x00007ffeec47e000 	C:\Windows\System32\msvcrt.dll
0x00007ffeec5c0000 - 0x00007ffeec657000 	C:\Windows\System32\sechost.dll
0x00007ffeeb2f0000 - 0x00007ffeeb410000 	C:\Windows\System32\RPCRT4.dll
0x00007ffeeb410000 - 0x00007ffeeb5a4000 	C:\Windows\System32\USER32.dll
0x00007ffeeaef0000 - 0x00007ffeeaf11000 	C:\Windows\System32\win32u.dll
0x00007ffeed1d0000 - 0x00007ffeed1f6000 	C:\Windows\System32\GDI32.dll
0x00007ffeeb0a0000 - 0x00007ffeeb236000 	C:\Windows\System32\gdi32full.dll
0x00007ffeeafa0000 - 0x00007ffeeb03e000 	C:\Windows\System32\msvcp_win.dll
0x00007ffed75e0000 - 0x00007ffed7864000 	C:\Windows\WinSxS\amd64_microsoft.windows.common-controls_6595b64144ccf1df_6.0.18362.1256_none_9e7e379be45e40e2\COMCTL32.dll
0x00007ffeeb5b0000 - 0x00007ffeeb8e6000 	C:\Windows\System32\combase.dll
0x00007ffeea460000 - 0x00007ffeea4e1000 	C:\Windows\System32\bcryptPrimitives.dll
0x00007ffedbbd0000 - 0x00007ffedbbda000 	C:\Windows\SYSTEM32\VERSION.dll
0x00007ffec1240000 - 0x00007ffec1255000 	C:\Program Files\Java\jdk-11.0.9\bin\VCRUNTIME140.dll
0x00007ffeec3b0000 - 0x00007ffeec3de000 	C:\Windows\System32\IMM32.DLL
0x00007ffebdd90000 - 0x00007ffebde2b000 	C:\Program Files\Java\jdk-11.0.9\bin\msvcp140.dll
0x00007ffebd290000 - 0x00007ffebdd87000 	C:\Program Files\Java\jdk-11.0.9\bin\server\jvm.dll
0x00007ffeec710000 - 0x00007ffeec718000 	C:\Windows\System32\PSAPI.DLL
0x00007ffed7870000 - 0x00007ffed7879000 	C:\Windows\SYSTEM32\WSOCK32.dll
0x00007ffeec340000 - 0x00007ffeec3af000 	C:\Windows\System32\WS2_32.dll
0x00007ffee8140000 - 0x00007ffee8164000 	C:\Windows\SYSTEM32\WINMM.dll
0x00007ffee8110000 - 0x00007ffee813d000 	C:\Windows\SYSTEM32\WINMMBASE.dll
0x00007ffeeaf20000 - 0x00007ffeeaf6a000 	C:\Windows\System32\cfgmgr32.dll
0x00007ffeea0f0000 - 0x00007ffeea101000 	C:\Windows\System32\kernel.appcore.dll
0x00007ffed72e0000 - 0x00007ffed72f0000 	C:\Program Files\Java\jdk-11.0.9\bin\verify.dll
0x00007ffedb620000 - 0x00007ffedb814000 	C:\Windows\SYSTEM32\DBGHELP.DLL
0x00007ffedb5e0000 - 0x00007ffedb60a000 	C:\Windows\SYSTEM32\dbgcore.DLL
0x00007ffebd260000 - 0x00007ffebd288000 	C:\Program Files\Java\jdk-11.0.9\bin\java.dll
0x00007ffed4ea0000 - 0x00007ffed4eaa000 	C:\Program Files\Java\jdk-11.0.9\bin\jimage.dll
0x00007ffec1220000 - 0x00007ffec1236000 	C:\Program Files\Java\jdk-11.0.9\bin\zip.dll
0x00007ffeeca60000 - 0x00007ffeed147000 	C:\Windows\System32\SHELL32.dll
0x00007ffeec290000 - 0x00007ffeec339000 	C:\Windows\System32\shcore.dll
0x00007ffeea760000 - 0x00007ffeeaee1000 	C:\Windows\System32\windows.storage.dll
0x00007ffeea180000 - 0x00007ffeea1a3000 	C:\Windows\System32\profapi.dll
0x00007ffeea110000 - 0x00007ffeea15a000 	C:\Windows\System32\powrprof.dll
0x00007ffeea0e0000 - 0x00007ffeea0f0000 	C:\Windows\System32\UMPDC.dll
0x00007ffeec930000 - 0x00007ffeec982000 	C:\Windows\System32\shlwapi.dll
0x00007ffeea5f0000 - 0x00007ffeea607000 	C:\Windows\System32\cryptsp.dll
0x00007ffec1200000 - 0x00007ffec1219000 	C:\Program Files\Java\jdk-11.0.9\bin\net.dll
0x00007ffedcb70000 - 0x00007ffedcc60000 	C:\Windows\SYSTEM32\WINHTTP.dll
0x00007ffee98d0000 - 0x00007ffee9937000 	C:\Windows\system32\mswsock.dll
0x00007ffebd240000 - 0x00007ffebd252000 	C:\Program Files\Java\jdk-11.0.9\bin\nio.dll
0x00007ffee9440000 - 0x00007ffee9473000 	C:\Windows\system32\rsaenh.dll
0x00007ffeeaf70000 - 0x00007ffeeaf96000 	C:\Windows\System32\bcrypt.dll
0x00007ffee9fc0000 - 0x00007ffee9fe5000 	C:\Windows\SYSTEM32\USERENV.dll
0x00007ffee9aa0000 - 0x00007ffee9aac000 	C:\Windows\SYSTEM32\CRYPTBASE.dll
0x00007ffee95e0000 - 0x00007ffee961a000 	C:\Windows\SYSTEM32\IPHLPAPI.DLL
0x00007ffeebea0000 - 0x00007ffeebea8000 	C:\Windows\System32\NSI.dll
0x00007ffedd6a0000 - 0x00007ffedd6b6000 	C:\Windows\SYSTEM32\dhcpcsvc6.DLL
0x00007ffeddac0000 - 0x00007ffeddadc000 	C:\Windows\SYSTEM32\dhcpcsvc.DLL
0x00007ffee9630000 - 0x00007ffee96fb000 	C:\Windows\SYSTEM32\DNSAPI.dll
0x00007ffebcbc0000 - 0x00007ffebcbea000 	C:\Users\user\AppData\Roaming\Code\User\globalStorage\redhat.java\0.73.0\config_win\org.eclipse.equinox.launcher\org.eclipse.equinox.launcher.win32.win32.x86_64_1.2.0.v20200915-1442\eclipse_11100.dll
0x00007ffec4d80000 - 0x00007ffec4d91000 	C:\Users\user\AppData\Roaming\Code\User\globalStorage\redhat.java\0.73.0\config_win\org.eclipse.osgi\23\0\.cp\jWinHttp-1.0.0.dll
0x00007ffeebf30000 - 0x00007ffeec087000 	C:\Windows\System32\ole32.dll
0x00007ffec4960000 - 0x00007ffec4985000 	C:\Program Files\Java\jdk-11.0.9\bin\sunec.dll

dbghelp: loaded successfully - version: 4.0.5 - missing functions: none
symbol engine: initialized successfully - sym options: 0x614 - pdb path: .;C:\Program Files\Java\jdk-11.0.9\bin;C:\Windows\SYSTEM32;C:\Windows\WinSxS\amd64_microsoft.windows.common-controls_6595b64144ccf1df_6.0.18362.1256_none_9e7e379be45e40e2;C:\Program Files\Java\jdk-11.0.9\bin\server;C:\Users\user\AppData\Roaming\Code\User\globalStorage\redhat.java\0.73.0\config_win\org.eclipse.equinox.launcher\org.eclipse.equinox.launcher.win32.win32.x86_64_1.2.0.v20200915-1442;C:\Users\user\AppData\Roaming\Code\User\globalStorage\redhat.java\0.73.0\config_win\org.eclipse.osgi\23\0\.cp

VM Arguments:
jvm_args: --add-modules=ALL-SYSTEM --add-opens=java.base/java.util=ALL-UNNAMED --add-opens=java.base/java.lang=ALL-UNNAMED -Declipse.application=org.eclipse.jdt.ls.core.id1 -Dosgi.bundles.defaultStartLevel=4 -Declipse.product=org.eclipse.jdt.ls.core.product -Dfile.encoding=utf8 -DwatchParentProcess=false -XX:+UseParallelGC -XX:GCTimeRatio=4 -XX:AdaptiveSizePolicyWeight=90 -Dsun.zip.disableMemoryMapping=true -Xmx1G -Xms100m -Xverify:none 
java_command: c:\Users\user\.vscode\extensions\redhat.java-0.73.0\server\plugins\org.eclipse.equinox.launcher_1.6.0.v20200915-1508.jar -configuration c:\Users\user\AppData\Roaming\Code\User\globalStorage\redhat.java\0.73.0\config_win -data c:\Users\user\AppData\Roaming\Code\User\workspaceStorage\bbc9d56f1f376b425cbe1bd9cb648654\redhat.java\jdt_ws
java_class_path (initial): c:\Users\user\.vscode\extensions\redhat.java-0.73.0\server\plugins\org.eclipse.equinox.launcher_1.6.0.v20200915-1508.jar
Launcher Type: SUN_STANDARD

[Global flags]
    uintx AdaptiveSizePolicyWeight                 = 90                                        {product} {command line}
     bool BytecodeVerificationLocal                = false                                     {product} {command line}
     bool BytecodeVerificationRemote               = false                                     {product} {command line}
     intx CICompilerCount                          = 2                                         {product} {ergonomic}
    uintx GCTimeRatio                              = 4                                         {product} {command line}
   size_t InitialHeapSize                          = 104857600                                 {product} {command line}
   size_t MaxHeapSize                              = 1073741824                                {product} {command line}
   size_t MaxNewSize                               = 357564416                                 {product} {ergonomic}
   size_t MinHeapDeltaBytes                        = 524288                                    {product} {ergonomic}
   size_t NewSize                                  = 34603008                                  {product} {ergonomic}
    uintx NonNMethodCodeHeapSize                   = 5825164                                {pd product} {ergonomic}
    uintx NonProfiledCodeHeapSize                  = 122916538                              {pd product} {ergonomic}
   size_t OldSize                                  = 70254592                                  {product} {ergonomic}
    uintx ProfiledCodeHeapSize                     = 122916538                              {pd product} {ergonomic}
    uintx ReservedCodeCacheSize                    = 251658240                              {pd product} {ergonomic}
     bool SegmentedCodeCache                       = true                                      {product} {ergonomic}
     bool UseCompressedClassPointers               = true                                 {lp64_product} {ergonomic}
     bool UseCompressedOops                        = true                                 {lp64_product} {ergonomic}
     bool UseLargePagesIndividualAllocation        = false                                  {pd product} {ergonomic}
     bool UseParallelGC                            = true                                      {product} {command line}

Logging:
Log output configuration:
 #0: stdout all=warning uptime,level,tags
 #1: stderr all=off uptime,level,tags

Environment Variables:
JAVA_HOME=C:\Program Files\Java\jdk-11.0.9
PATH=C:\Program Files\Common Files\Oracle\Java\javapath;C:\Windows\system32;C:\Windows;C:\Windows\System32\Wbem;C:\Windows\System32\WindowsPowerShell\v1.0\;C:\Windows\System32\OpenSSH\;C:\Program Files (x86)\Microsoft SQL Server\150\DTS\Binn\;C:\Program Files\Git\cmd;C:\Users\user\Desktop\tercera_etapa\java\apache-maven-3.6.3\bin;C:\Program Files\MySQL\MySQL Shell 8.0\bin\;C:\Users\user\AppData\Local\Programs\Python\Python38-32\Scripts\;C:\Users\user\AppData\Local\Programs\Python\Python38-32\;C:\Users\user\AppData\Local\Microsoft\WindowsApps;;C:\Users\user\AppData\Local\Programs\Microsoft VS Code\bin
USERNAME=user
OS=Windows_NT
PROCESSOR_IDENTIFIER=Intel64 Family 6 Model 55 Stepping 3, GenuineIntel



---------------  S Y S T E M  ---------------

OS: Windows 10 , 64 bit Build 18362 (10.0.18362.1110)

CPU:total 2 (initial active 2) (2 cores per cpu, 1 threads per core) family 6 model 55 stepping 3, cmov, cx8, fxsr, mmx, sse, sse2, sse3, ssse3, sse4.1, sse4.2, popcnt, clmul, erms, 3dnowpref, tsc, tscinvbit

Memory: 4k page, system-wide physical 3973M (854M free)
TotalPageFile size 5189M (AvailPageFile size 1880M)
current process WorkingSet (physical memory assigned to process): 906M, peak: 924M
current process commit charge ("private bytes"): 879M, peak: 929M

vm_info: Java HotSpot(TM) 64-Bit Server VM (11.0.9+7-LTS) for windows-amd64 JRE (11.0.9+7-LTS), built on Sep 15 2020 16:47:03 by "mach5one" with MS VC++ 15.9 (VS2017)

END.
